<?xml version="1.0" encoding="UTF-8"?>
<!-- Generated by org.testng.reporters.JUnitXMLReporter -->
<testsuite hostname="DESKTOP-KGOHLVR" name="Test" tests="6" failures="1" timestamp="19 Oct 2019 13:18:47 GMT" time="0.033" errors="0">
  <testcase name="LongestWordInSentenceTest" time="0.005" classname="com.rhythm.LongestWordNSizeInstnceTest"/>
  <testcase name="LongestWordInSentenceTest1" time="0.001" classname="com.rhythm.LongestWordNSizeInstnceTest"/>
  <testcase name="LongestWordInSentenceTestException" time="0.001" classname="com.rhythm.LongestWordNSizeInstnceTest"/>
  <testcase name="LongestWordInSentenceTestWithParameter" time="0.001" classname="com.rhythm.LongestWordNSizeInstnceTest"/>
  <testcase name="LongestWordInSentenceTestWithParameterFail" time="0.0" classname="com.rhythm.LongestWordNSizeInstnceTest">
    <failure type="java.lang.RuntimeException" message="String is empty">
      <![CDATA[java.lang.RuntimeException: String is empty
	at com.rhythm.LongestWordNSizeInstnce.LongestWordInSentence(LongestWordNSizeInstnce.java:7)
	at com.rhythm.LongestWordNSizeInstnceTest.LongestWordInSentenceTestWithParameterFail(LongestWordNSizeInstnceTest.java:62)
... Removed 24 stack frames]]>
    </failure>
  </testcase> <!-- LongestWordInSentenceTestWithParameterFail -->
  <testcase name="LongestWordInSentenceTestWithWrongParameter" time="0.001" classname="com.rhythm.LongestWordNSizeInstnceTest">
    <skipped/>
  </testcase> <!-- LongestWordInSentenceTestWithWrongParameter -->
</testsuite> <!-- Test -->
